2024-07-10 17:53:17,745 desktop-irv79g3 quarkus-camel-dev.jar[6748] INFO  [org.apa.cam.qua.cor.CamelBootstrapRecorder] (Quarkus Main Thread) Bootstrap runtime: org.apache.camel.quarkus.main.CamelMainRuntime
2024-07-10 17:53:17,747 desktop-irv79g3 quarkus-camel-dev.jar[6748] INFO  [org.apa.cam.mai.MainSupport] (Quarkus Main Thread) Apache Camel (Main) 4.6.0 is starting
2024-07-10 17:53:17,766 desktop-irv79g3 quarkus-camel-dev.jar[6748] INFO  [org.apa.cam.mai.BaseMainSupport] (Quarkus Main Thread) Auto-configuration summary
2024-07-10 17:53:17,767 desktop-irv79g3 quarkus-camel-dev.jar[6748] INFO  [org.apa.cam.mai.BaseMainSupport] (Quarkus Main Thread)     [MicroProfilePropertiesSource] camel.component.properties.location=file:./src/main/resources/sql.properties
2024-07-10 17:53:17,770 desktop-irv79g3 quarkus-camel-dev.jar[6748] INFO  [org.apa.cam.mai.BaseMainSupport] (Quarkus Main Thread)     [MicroProfilePropertiesSource] camel.context.name=Quarkus-Camel
2024-07-10 17:53:17,771 desktop-irv79g3 quarkus-camel-dev.jar[6748] INFO  [org.apa.cam.mai.BaseMainSupport] (Quarkus Main Thread)     [MicroProfilePropertiesSource] camel.health.enabled=true
2024-07-10 17:53:17,772 desktop-irv79g3 quarkus-camel-dev.jar[6748] INFO  [org.apa.cam.mai.BaseMainSupport] (Quarkus Main Thread)     [MicroProfilePropertiesSource] camel.health.routesEnabled=true
2024-07-10 17:53:17,773 desktop-irv79g3 quarkus-camel-dev.jar[6748] INFO  [org.apa.cam.mai.BaseMainSupport] (Quarkus Main Thread)     [MicroProfilePropertiesSource] camel.health.registryEnabled=true
2024-07-10 17:53:17,847 desktop-irv79g3 quarkus-camel-dev.jar[6748] INFO  [org.apa.cam.com.net.htt.HttpServerBootstrapFactory] (Quarkus Main Thread) BootstrapFactory on port 8081 is using bootstrap configuration: [NettyServerBootstrapConfiguration{protocol='http', host='localhost', port=8081, broadcast=false, sendBufferSize=65536, receiveBufferSize=65536, receiveBufferSizePredictor=0, workerCount=0, bossCount=1, keepAlive=true, tcpNoDelay=true, reuseAddress=true, connectTimeout=10000, backlog=0, serverInitializerFactory=org.apache.camel.component.netty.http.HttpServerInitializerFactory@77a10600, nettyServerBootstrapFactory=null, options=null, ssl=false, sslHandler=null, sslContextParameters='null', needClientAuth=false, enabledProtocols='TLSv1.2,TLSv1.3, keyStoreFile=null, trustStoreFile=null, keyStoreResource='null', trustStoreResource='null', keyStoreFormat='JKS', securityProvider='SunX509', passphrase='null', bossGroup=null, workerGroup=null, networkInterface='null', reconnect='true', reconnectInterval='10000', unixDomainSocketPath='null'}]
2024-07-10 17:53:17,857 desktop-irv79g3 quarkus-camel-dev.jar[6748] INFO  [org.apa.cam.imp.eng.AbstractCamelContext] (Quarkus Main Thread) Apache Camel 4.6.0 (Quarkus-Camel) is starting
2024-07-10 17:53:17,859 desktop-irv79g3 quarkus-camel-dev.jar[6748] INFO  [org.apa.cam.com.net.NettyComponent] (Quarkus Main Thread) Creating shared NettyConsumerExecutorGroup with 17 threads
2024-07-10 17:53:17,860 desktop-irv79g3 quarkus-camel-dev.jar[6748] INFO  [org.apa.cam.sup.LifecycleStrategySupport] (Quarkus Main Thread) Autowired property: dataSource on component: sql as exactly one instance of type: javax.sql.DataSource (io.agroal.api.AgroalDataSource_sqqLi56D50iCdXmOjyjPSAxbLu0_Synthetic_ClientProxy) found in the registry
2024-07-10 17:53:17,864 desktop-irv79g3 quarkus-camel-dev.jar[6748] INFO  [org.apa.cam.com.jac.JacksonXMLDataFormat] (Quarkus Main Thread) Registering module: com.fasterxml.jackson.module.jakarta.xmlbind.JakartaXmlBindAnnotationModule@764b140c
2024-07-10 17:53:17,869 desktop-irv79g3 quarkus-camel-dev.jar[6748] INFO  [org.apa.cam.com.jac.JacksonXMLDataFormat] (Quarkus Main Thread) Registering module: com.fasterxml.jackson.module.jakarta.xmlbind.JakartaXmlBindAnnotationModule@5da67660
2024-07-10 17:53:17,873 desktop-irv79g3 quarkus-camel-dev.jar[6748] INFO  [org.apa.cam.com.jac.JacksonXMLDataFormat] (Quarkus Main Thread) Registering module: com.fasterxml.jackson.module.jakarta.xmlbind.JakartaXmlBindAnnotationModule@e979501
2024-07-10 17:53:17,877 desktop-irv79g3 quarkus-camel-dev.jar[6748] INFO  [org.apa.cam.com.jac.JacksonXMLDataFormat] (Quarkus Main Thread) Registering module: com.fasterxml.jackson.module.jakarta.xmlbind.JakartaXmlBindAnnotationModule@6d996233
2024-07-10 17:53:17,929 desktop-irv79g3 quarkus-camel-dev.jar[6748] INFO  [org.apa.cam.com.net.SingleTCPNettyServerBootstrapFactory] (Quarkus Main Thread) ServerBootstrap binding to localhost:8081
2024-07-10 17:53:17,932 desktop-irv79g3 quarkus-camel-dev.jar[6748] INFO  [org.apa.cam.com.net.NettyConsumer] (Quarkus Main Thread) Netty consumer bound to: localhost:8081
2024-07-10 17:53:17,933 desktop-irv79g3 quarkus-camel-dev.jar[6748] INFO  [org.apa.cam.com.net.NettyConsumer] (Quarkus Main Thread) Netty consumer bound to: localhost:8081
2024-07-10 17:53:17,934 desktop-irv79g3 quarkus-camel-dev.jar[6748] INFO  [org.apa.cam.com.net.NettyConsumer] (Quarkus Main Thread) Netty consumer bound to: localhost:8081
2024-07-10 17:53:17,936 desktop-irv79g3 quarkus-camel-dev.jar[6748] INFO  [org.apa.cam.com.net.NettyConsumer] (Quarkus Main Thread) Netty consumer bound to: localhost:8081
2024-07-10 17:53:17,937 desktop-irv79g3 quarkus-camel-dev.jar[6748] INFO  [org.apa.cam.com.net.NettyConsumer] (Quarkus Main Thread) Netty consumer bound to: localhost:8081
2024-07-10 17:53:17,940 desktop-irv79g3 quarkus-camel-dev.jar[6748] INFO  [org.apa.cam.com.net.NettyConsumer] (Quarkus Main Thread) Netty consumer bound to: localhost:8081
2024-07-10 17:53:17,941 desktop-irv79g3 quarkus-camel-dev.jar[6748] INFO  [org.apa.cam.com.net.NettyConsumer] (Quarkus Main Thread) Netty consumer bound to: localhost:8081
2024-07-10 17:53:17,943 desktop-irv79g3 quarkus-camel-dev.jar[6748] INFO  [org.apa.cam.com.net.NettyConsumer] (Quarkus Main Thread) Netty consumer bound to: localhost:8081
2024-07-10 17:53:17,945 desktop-irv79g3 quarkus-camel-dev.jar[6748] INFO  [org.apa.cam.com.net.NettyConsumer] (Quarkus Main Thread) Netty consumer bound to: localhost:8081
2024-07-10 17:53:17,946 desktop-irv79g3 quarkus-camel-dev.jar[6748] INFO  [org.apa.cam.com.net.NettyConsumer] (Quarkus Main Thread) Netty consumer bound to: localhost:8081
2024-07-10 17:53:17,948 desktop-irv79g3 quarkus-camel-dev.jar[6748] INFO  [org.apa.cam.com.net.NettyConsumer] (Quarkus Main Thread) Netty consumer bound to: localhost:8081
2024-07-10 17:53:17,950 desktop-irv79g3 quarkus-camel-dev.jar[6748] INFO  [org.apa.cam.com.net.NettyConsumer] (Quarkus Main Thread) Netty consumer bound to: localhost:8081
2024-07-10 17:53:17,952 desktop-irv79g3 quarkus-camel-dev.jar[6748] INFO  [org.apa.cam.com.net.NettyConsumer] (Quarkus Main Thread) Netty consumer bound to: localhost:8081
2024-07-10 17:53:17,953 desktop-irv79g3 quarkus-camel-dev.jar[6748] INFO  [org.apa.cam.com.net.NettyConsumer] (Quarkus Main Thread) Netty consumer bound to: localhost:8081
2024-07-10 17:53:17,959 desktop-irv79g3 quarkus-camel-dev.jar[6748] INFO  [org.apa.act.tra.fai.FailoverTransport] (ActiveMQ Task-1) Successfully connected to tcp://localhost:61616
2024-07-10 17:53:17,965 desktop-irv79g3 quarkus-camel-dev.jar[6748] INFO  [org.apa.cam.mai.BaseMainSupport] (Quarkus Main Thread) Property-placeholders summary
2024-07-10 17:53:17,967 desktop-irv79g3 quarkus-camel-dev.jar[6748] INFO  [org.apa.cam.mai.BaseMainSupport] (Quarkus Main Thread)     [sql.properties]               sql.getAllData=SELECT * FROM employees
2024-07-10 17:53:17,970 desktop-irv79g3 quarkus-camel-dev.jar[6748] INFO  [org.apa.cam.mai.BaseMainSupport] (Quarkus Main Thread)     [sql.properties]               sql.getDataById=SELECT * FROM employees WHERE id=:#id
2024-07-10 17:53:17,971 desktop-irv79g3 quarkus-camel-dev.jar[6748] INFO  [org.apa.cam.mai.BaseMainSupport] (Quarkus Main Thread)     [sql.properties]               sql.updateDataById=UPDATE employees SET name=:#name, position=:#position, salary=:#salary WHERE id=:#id
2024-07-10 17:53:17,972 desktop-irv79g3 quarkus-camel-dev.jar[6748] INFO  [org.apa.cam.mai.BaseMainSupport] (Quarkus Main Thread)     [sql.properties]               sql.deleteDataById=DELETE FROM employees WHERE id=:#id
2024-07-10 17:53:17,974 desktop-irv79g3 quarkus-camel-dev.jar[6748] INFO  [org.apa.cam.mai.BaseMainSupport] (Quarkus Main Thread)     [sql.properties]               sql.insertData=INSERT INTO employees (name, position, salary) VALUES (:#name, :#position, :#salary)
2024-07-10 17:53:17,977 desktop-irv79g3 quarkus-camel-dev.jar[6748] INFO  [org.apa.cam.imp.eng.AbstractCamelContext] (Quarkus Main Thread) Routes startup (total:15 rest-dsl:14)
2024-07-10 17:53:17,979 desktop-irv79g3 quarkus-camel-dev.jar[6748] INFO  [org.apa.cam.imp.eng.AbstractCamelContext] (Quarkus Main Thread)     Started getAllData (rest://get:/api/v1:/users)
2024-07-10 17:53:17,981 desktop-irv79g3 quarkus-camel-dev.jar[6748] INFO  [org.apa.cam.imp.eng.AbstractCamelContext] (Quarkus Main Thread)     Started createUserRoute (rest://post:/api/v1:/users)
2024-07-10 17:53:17,982 desktop-irv79g3 quarkus-camel-dev.jar[6748] INFO  [org.apa.cam.imp.eng.AbstractCamelContext] (Quarkus Main Thread)     Started getUserByIdRoute (rest://get:/api/v1:/users/%7Bid%7D)
2024-07-10 17:53:17,984 desktop-irv79g3 quarkus-camel-dev.jar[6748] INFO  [org.apa.cam.imp.eng.AbstractCamelContext] (Quarkus Main Thread)     Started route9 (rest://put:/api/v1:/users/%7Bid%7D)
2024-07-10 17:53:17,985 desktop-irv79g3 quarkus-camel-dev.jar[6748] INFO  [org.apa.cam.imp.eng.AbstractCamelContext] (Quarkus Main Thread)     Started deleteUserByIdRoute (rest://delete:/api/v1:/users/%7Bid%7D)
2024-07-10 17:53:17,986 desktop-irv79g3 quarkus-camel-dev.jar[6748] INFO  [org.apa.cam.imp.eng.AbstractCamelContext] (Quarkus Main Thread)     Started route8 (rest://get:/api/v1:/csv/createcsv)
2024-07-10 17:53:17,986 desktop-irv79g3 quarkus-camel-dev.jar[6748] INFO  [org.apa.cam.imp.eng.AbstractCamelContext] (Quarkus Main Thread)     Started createCsvFileWithBindyRoute (rest://get:/api/v1:/csv/createbindy)
2024-07-10 17:53:17,989 desktop-irv79g3 quarkus-camel-dev.jar[6748] INFO  [org.apa.cam.imp.eng.AbstractCamelContext] (Quarkus Main Thread)     Started createJsonFileWithCsvRoute (rest://get:/api/v1:/csv/createjsonwithcsv)
2024-07-10 17:53:17,990 desktop-irv79g3 quarkus-camel-dev.jar[6748] INFO  [org.apa.cam.imp.eng.AbstractCamelContext] (Quarkus Main Thread)     Started createJsonFileWithBindyRoute (rest://get:/api/v1:/csv/createjsonwithbindy)
2024-07-10 17:53:17,991 desktop-irv79g3 quarkus-camel-dev.jar[6748] INFO  [org.apa.cam.imp.eng.AbstractCamelContext] (Quarkus Main Thread)     Started pushDataIntoQueueRoute (rest://get:/api/v1:/amq/pushdataintoqueue)
2024-07-10 17:53:17,992 desktop-irv79g3 quarkus-camel-dev.jar[6748] INFO  [org.apa.cam.imp.eng.AbstractCamelContext] (Quarkus Main Thread)     Started xmlToJson (rest://post:/api/v1:/jacksonxml/xml-to-json)
2024-07-10 17:53:17,994 desktop-irv79g3 quarkus-camel-dev.jar[6748] INFO  [org.apa.cam.imp.eng.AbstractCamelContext] (Quarkus Main Thread)     Started jsonToXml (rest://post:/api/v1:/jacksonxml/json-to-xml)
2024-07-10 17:53:17,995 desktop-irv79g3 quarkus-camel-dev.jar[6748] INFO  [org.apa.cam.imp.eng.AbstractCamelContext] (Quarkus Main Thread)     Started xmlToSoap (rest://post:/api/v1:/jacksonxml/xml-to-soap)
2024-07-10 17:53:17,996 desktop-irv79g3 quarkus-camel-dev.jar[6748] INFO  [org.apa.cam.imp.eng.AbstractCamelContext] (Quarkus Main Thread)     Started jsonToJson (rest://post:/api/v1:/jolt/json-to-json)
2024-07-10 17:53:17,999 desktop-irv79g3 quarkus-camel-dev.jar[6748] INFO  [org.apa.cam.imp.eng.AbstractCamelContext] (Quarkus Main Thread)     Started route10 (activemq://queue:create-user)
2024-07-10 17:53:18,000 desktop-irv79g3 quarkus-camel-dev.jar[6748] INFO  [org.apa.cam.imp.eng.AbstractCamelContext] (Quarkus Main Thread) Apache Camel 4.6.0 (Quarkus-Camel) started in 141ms (build:0ms init:0ms start:141ms)
2024-07-10 17:53:18,007 desktop-irv79g3 quarkus-camel-dev.jar[6748] INFO  [org.apa.cam.imp.eng.AbstractCamelContext] (Quarkus Main Thread) Apache Camel 4.6.0 (Quarkus-Camel) is shutting down
2024-07-10 17:53:18,984 desktop-irv79g3 quarkus-camel-dev.jar[6748] INFO  [org.apa.cam.com.net.NettyConsumer] (Quarkus Main Thread) Netty consumer unbound from: localhost:8081
2024-07-10 17:53:18,987 desktop-irv79g3 quarkus-camel-dev.jar[6748] INFO  [org.apa.cam.com.net.NettyConsumer] (Quarkus Main Thread) Netty consumer unbound from: localhost:8081
2024-07-10 17:53:18,990 desktop-irv79g3 quarkus-camel-dev.jar[6748] INFO  [org.apa.cam.com.net.NettyConsumer] (Quarkus Main Thread) Netty consumer unbound from: localhost:8081
2024-07-10 17:53:18,993 desktop-irv79g3 quarkus-camel-dev.jar[6748] INFO  [org.apa.cam.com.net.NettyConsumer] (Quarkus Main Thread) Netty consumer unbound from: localhost:8081
2024-07-10 17:53:18,996 desktop-irv79g3 quarkus-camel-dev.jar[6748] INFO  [org.apa.cam.com.net.NettyConsumer] (Quarkus Main Thread) Netty consumer unbound from: localhost:8081
2024-07-10 17:53:19,000 desktop-irv79g3 quarkus-camel-dev.jar[6748] INFO  [org.apa.cam.com.net.NettyConsumer] (Quarkus Main Thread) Netty consumer unbound from: localhost:8081
2024-07-10 17:53:19,003 desktop-irv79g3 quarkus-camel-dev.jar[6748] INFO  [org.apa.cam.com.net.NettyConsumer] (Quarkus Main Thread) Netty consumer unbound from: localhost:8081
2024-07-10 17:53:19,005 desktop-irv79g3 quarkus-camel-dev.jar[6748] INFO  [org.apa.cam.com.net.NettyConsumer] (Quarkus Main Thread) Netty consumer unbound from: localhost:8081
2024-07-10 17:53:19,008 desktop-irv79g3 quarkus-camel-dev.jar[6748] INFO  [org.apa.cam.com.net.NettyConsumer] (Quarkus Main Thread) Netty consumer unbound from: localhost:8081
2024-07-10 17:53:19,010 desktop-irv79g3 quarkus-camel-dev.jar[6748] INFO  [org.apa.cam.com.net.NettyConsumer] (Quarkus Main Thread) Netty consumer unbound from: localhost:8081
2024-07-10 17:53:19,013 desktop-irv79g3 quarkus-camel-dev.jar[6748] INFO  [org.apa.cam.com.net.NettyConsumer] (Quarkus Main Thread) Netty consumer unbound from: localhost:8081
2024-07-10 17:53:19,014 desktop-irv79g3 quarkus-camel-dev.jar[6748] INFO  [org.apa.cam.com.net.NettyConsumer] (Quarkus Main Thread) Netty consumer unbound from: localhost:8081
2024-07-10 17:53:19,017 desktop-irv79g3 quarkus-camel-dev.jar[6748] INFO  [org.apa.cam.com.net.NettyConsumer] (Quarkus Main Thread) Netty consumer unbound from: localhost:8081
2024-07-10 17:53:19,019 desktop-irv79g3 quarkus-camel-dev.jar[6748] INFO  [org.apa.cam.com.net.SingleTCPNettyServerBootstrapFactory] (Quarkus Main Thread) ServerBootstrap unbinding from localhost:8081
2024-07-10 17:53:19,024 desktop-irv79g3 quarkus-camel-dev.jar[6748] INFO  [org.apa.cam.com.net.NettyConsumer] (Quarkus Main Thread) Netty consumer unbound from: localhost:8081
2024-07-10 17:53:19,027 desktop-irv79g3 quarkus-camel-dev.jar[6748] INFO  [org.apa.cam.imp.eng.AbstractCamelContext] (Quarkus Main Thread) Routes stopped (total:15 rest-dsl:14)
2024-07-10 17:53:19,029 desktop-irv79g3 quarkus-camel-dev.jar[6748] INFO  [org.apa.cam.imp.eng.AbstractCamelContext] (Quarkus Main Thread)     Stopped getAllData (rest://get:/api/v1:/users)
2024-07-10 17:53:19,030 desktop-irv79g3 quarkus-camel-dev.jar[6748] INFO  [org.apa.cam.imp.eng.AbstractCamelContext] (Quarkus Main Thread)     Stopped createUserRoute (rest://post:/api/v1:/users)
2024-07-10 17:53:19,032 desktop-irv79g3 quarkus-camel-dev.jar[6748] INFO  [org.apa.cam.imp.eng.AbstractCamelContext] (Quarkus Main Thread)     Stopped getUserByIdRoute (rest://get:/api/v1:/users/%7Bid%7D)
2024-07-10 17:53:19,033 desktop-irv79g3 quarkus-camel-dev.jar[6748] INFO  [org.apa.cam.imp.eng.AbstractCamelContext] (Quarkus Main Thread)     Stopped route9 (rest://put:/api/v1:/users/%7Bid%7D)
2024-07-10 17:53:19,034 desktop-irv79g3 quarkus-camel-dev.jar[6748] INFO  [org.apa.cam.imp.eng.AbstractCamelContext] (Quarkus Main Thread)     Stopped deleteUserByIdRoute (rest://delete:/api/v1:/users/%7Bid%7D)
2024-07-10 17:53:19,035 desktop-irv79g3 quarkus-camel-dev.jar[6748] INFO  [org.apa.cam.imp.eng.AbstractCamelContext] (Quarkus Main Thread)     Stopped route8 (rest://get:/api/v1:/csv/createcsv)
2024-07-10 17:53:19,036 desktop-irv79g3 quarkus-camel-dev.jar[6748] INFO  [org.apa.cam.imp.eng.AbstractCamelContext] (Quarkus Main Thread)     Stopped createCsvFileWithBindyRoute (rest://get:/api/v1:/csv/createbindy)
2024-07-10 17:53:19,037 desktop-irv79g3 quarkus-camel-dev.jar[6748] INFO  [org.apa.cam.imp.eng.AbstractCamelContext] (Quarkus Main Thread)     Stopped createJsonFileWithCsvRoute (rest://get:/api/v1:/csv/createjsonwithcsv)
2024-07-10 17:53:19,038 desktop-irv79g3 quarkus-camel-dev.jar[6748] INFO  [org.apa.cam.imp.eng.AbstractCamelContext] (Quarkus Main Thread)     Stopped createJsonFileWithBindyRoute (rest://get:/api/v1:/csv/createjsonwithbindy)
2024-07-10 17:53:19,039 desktop-irv79g3 quarkus-camel-dev.jar[6748] INFO  [org.apa.cam.imp.eng.AbstractCamelContext] (Quarkus Main Thread)     Stopped pushDataIntoQueueRoute (rest://get:/api/v1:/amq/pushdataintoqueue)
2024-07-10 17:53:19,040 desktop-irv79g3 quarkus-camel-dev.jar[6748] INFO  [org.apa.cam.imp.eng.AbstractCamelContext] (Quarkus Main Thread)     Stopped xmlToJson (rest://post:/api/v1:/jacksonxml/xml-to-json)
2024-07-10 17:53:19,042 desktop-irv79g3 quarkus-camel-dev.jar[6748] INFO  [org.apa.cam.imp.eng.AbstractCamelContext] (Quarkus Main Thread)     Stopped jsonToXml (rest://post:/api/v1:/jacksonxml/json-to-xml)
2024-07-10 17:53:19,043 desktop-irv79g3 quarkus-camel-dev.jar[6748] INFO  [org.apa.cam.imp.eng.AbstractCamelContext] (Quarkus Main Thread)     Stopped xmlToSoap (rest://post:/api/v1:/jacksonxml/xml-to-soap)
2024-07-10 17:53:19,044 desktop-irv79g3 quarkus-camel-dev.jar[6748] INFO  [org.apa.cam.imp.eng.AbstractCamelContext] (Quarkus Main Thread)     Stopped jsonToJson (rest://post:/api/v1:/jolt/json-to-json)
2024-07-10 17:53:19,046 desktop-irv79g3 quarkus-camel-dev.jar[6748] INFO  [org.apa.cam.imp.eng.AbstractCamelContext] (Quarkus Main Thread)     Stopped route10 (activemq://queue:create-user)
2024-07-10 17:53:19,054 desktop-irv79g3 quarkus-camel-dev.jar[6748] INFO  [org.apa.cam.imp.eng.AbstractCamelContext] (Quarkus Main Thread) Apache Camel 4.6.0 (Quarkus-Camel) shutdown in 1s47ms (uptime:1s)
2024-07-10 17:53:19,069 desktop-irv79g3 quarkus-camel-dev.jar[6748] ERROR [io.qua.run.Application] (Quarkus Main Thread) Port 8080 seems to be in use by another process. Quarkus may already be running or the port is used by another application.
2024-07-10 17:53:19,070 desktop-irv79g3 quarkus-camel-dev.jar[6748] WARN  [io.qua.run.Application] (Quarkus Main Thread) Use 'netstat -a -b -n -o' to identify the process occupying the port.
2024-07-10 17:53:19,071 desktop-irv79g3 quarkus-camel-dev.jar[6748] WARN  [io.qua.run.Application] (Quarkus Main Thread) You can try to kill it with 'taskkill /PID <pid>' or via the Task Manager.
2024-07-10 17:53:19,099 desktop-irv79g3 quarkus-camel-dev.jar[6748] INFO  [io.qua.dep.dev.RuntimeUpdatesProcessor] (Timer-0) Live reload total time: 2.112s 
